{ root: 'D:\\wamp_php\\java_script\\incake_project',
  registry: 'https://registry.npm.taobao.org',
  pkgs: [ { name: 'gulp-connect', version: '*', type: 'tag' } ],
  production: false,
  cacheStrict: false,
  cacheDir: 'C:\\Users\\qianfeng\\.npminstall_tarball',
  env: 
   { npm_config_registry: 'https://registry.npm.taobao.org',
     npm_config_argv: '{"remain":[],"cooked":["--fix-bug-versions","--china","--userconfig=C:\\\\Users\\\\qianfeng\\\\.cnpmrc","--disturl=https://npm.taobao.org/mirrors/node","--registry=https://registry.npm.taobao.org","--save-dev","gulp-connect"],"original":["--fix-bug-versions","--china","--userconfig=C:\\\\Users\\\\qianfeng\\\\.cnpmrc","--disturl=https://npm.taobao.org/mirrors/node","--registry=https://registry.npm.taobao.org","--save-dev","gulp-connect"]}',
     NODE: 'D:\\node.exe',
     npm_node_execpath: 'D:\\node.exe',
     npm_execpath: 'C:\\Users\\qianfeng\\AppData\\Roaming\\npm\\node_modules\\cnpm\\node_modules\\npminstall\\bin\\install.js',
     npm_rootpath: 'D:\\wamp_php\\java_script\\incake_project',
     npm_config_userconfig: 'C:\\Users\\qianfeng\\.cnpmrc',
     npm_config_disturl: 'https://npm.taobao.org/mirrors/node',
     npm_config_r: 'https://registry.npm.taobao.org',
     NODEJS_ORG_MIRROR: 'https://cdn.npm.taobao.org/dist/node',
     NVM_NODEJS_ORG_MIRROR: 'https://cdn.npm.taobao.org/dist/node',
     NVM_IOJS_ORG_MIRROR: 'https://cdn.npm.taobao.org/dist/iojs',
     PHANTOMJS_CDNURL: 'https://cdn.npm.taobao.org/dist/phantomjs',
     CHROMEDRIVER_CDNURL: 'https://cdn.npm.taobao.org/dist/chromedriver',
     OPERADRIVER_CDNURL: 'https://cdn.npm.taobao.org/dist/operadriver',
     ELECTRON_MIRROR: 'https://cdn.npm.taobao.org/dist/electron/',
     SASS_BINARY_SITE: 'https://cdn.npm.taobao.org/dist/node-sass',
     FLOW_BINARY_MIRROR: 'https://github.com/facebook/flow/releases/download/v',
     NWJS_URLBASE: 'https://cdn.npm.taobao.org/dist/nwjs/v',
     PUPPETEER_DOWNLOAD_HOST: 'https://cdn.npm.taobao.org/dist',
     SENTRYCLI_CDNURL: 'https://npm.taobao.org/mirrors/sentry-cli',
     npm_config_cache: 'C:\\Users\\qianfeng\\.npminstall_tarball' },
  binaryMirrors: 
   { ENVS: 
      { NODEJS_ORG_MIRROR: 'https://cdn.npm.taobao.org/dist/node',
        NVM_NODEJS_ORG_MIRROR: 'https://cdn.npm.taobao.org/dist/node',
        NVM_IOJS_ORG_MIRROR: 'https://cdn.npm.taobao.org/dist/iojs',
        PHANTOMJS_CDNURL: 'https://cdn.npm.taobao.org/dist/phantomjs',
        CHROMEDRIVER_CDNURL: 'https://cdn.npm.taobao.org/dist/chromedriver',
        OPERADRIVER_CDNURL: 'https://cdn.npm.taobao.org/dist/operadriver',
        ELECTRON_MIRROR: 'https://cdn.npm.taobao.org/dist/electron/',
        SASS_BINARY_SITE: 'https://cdn.npm.taobao.org/dist/node-sass',
        FLOW_BINARY_MIRROR: 'https://github.com/facebook/flow/releases/download/v',
        NWJS_URLBASE: 'https://cdn.npm.taobao.org/dist/nwjs/v',
        PUPPETEER_DOWNLOAD_HOST: 'https://cdn.npm.taobao.org/dist',
        SENTRYCLI_CDNURL: 'https://npm.taobao.org/mirrors/sentry-cli' },
     cypress: { host: 'https://cdn.npm.taobao.org/dist/cypress' },
     'utf-8-validate': 
      { host: 'https://cdn.npm.taobao.org/dist/utf-8-validate/v{version}' },
     leveldown: 
      { host: 'https://cdn.npm.taobao.org/dist/leveldown/v{version}' },
     'leveldown-hyper': 
      { host: 'https://cdn.npm.taobao.org/dist/leveldown-hyper/v{version}' },
     zeromq: { host: 'https://cdn.npm.taobao.org/dist/zeromq/v{version}' },
     mknod: { host: 'https://cdn.npm.taobao.org/dist/mknod/v{version}' },
     couchbase: 
      { host: 'https://cdn.npm.taobao.org/dist/couchbase/v{version}' },
     'sodium-prebuilt': 
      { host: 'https://cdn.npm.taobao.org/dist/sodium-prebuilt/v{version}' },
     'utp-native': 
      { host: 'https://cdn.npm.taobao.org/dist/utp-native/v{version}' },
     'node-tk5': { host: 'https://cdn.npm.taobao.org/dist/node-tk5/v{version}' },
     'fuse-bindings': 
      { host: 'https://cdn.npm.taobao.org/dist/fuse-bindings/v{version}' },
     'zmq-prebuilt': 
      { host: 'https://cdn.npm.taobao.org/dist/zmq-prebuilt/v{version}' },
     gl: { host: 'https://cdn.npm.taobao.org/dist/gl/v{version}' },
     hackrf: { host: 'https://cdn.npm.taobao.org/dist/hackrf/v{version}' },
     rabin: { host: 'https://cdn.npm.taobao.org/dist/rabin/v{version}' },
     'v8-debug': { host: 'https://cdn.npm.taobao.org/dist/node-inspector' },
     'v8-profiler': { host: 'https://cdn.npm.taobao.org/dist/node-inspector' },
     sqlite3: { host: 'https://cdn.npm.taobao.org/dist' },
     grpc: 
      { host: 'https://cdn.npm.taobao.org/dist',
        remote_path: '{name}/v{version}' },
     fsevents: { host: 'https://cdn.npm.taobao.org/dist/fsevents' },
     nodegit: { host: 'https://cdn.npm.taobao.org/dist/nodegit/v{version}' },
     'canvas-prebuilt': { host: 'https://cdn.npm.taobao.org/dist/canvas-prebuilt' },
     'flow-bin': 
      { replaceHost: 'https://github.com/facebook/flow/releases/download/v',
        host: 'https://cdn.npm.taobao.org/dist/flow/v' },
     'jpegtran-bin': 
      { replaceHost: [Array],
        host: 'https://npm.taobao.org/mirrors/jpegtran-bin' },
     'cwebp-bin': 
      { replaceHost: [Array],
        host: 'https://npm.taobao.org/mirrors/cwebp-bin' },
     'zopflipng-bin': 
      { replaceHost: [Array],
        host: 'https://npm.taobao.org/mirrors/zopflipng-bin' },
     'optipng-bin': 
      { replaceHost: [Array],
        host: 'https://npm.taobao.org/mirrors/optipng-bin' },
     mozjpeg: 
      { replaceHost: [Array],
        host: 'https://npm.taobao.org/mirrors/mozjpeg-bin' },
     gifsicle: 
      { replaceHost: [Array],
        host: 'https://npm.taobao.org/mirrors/gifsicle-bin' },
     'pngquant-bin': 
      { replaceHost: [Array],
        host: 'https://npm.taobao.org/mirrors/pngquant-bin',
        replaceHostMap: [Object] },
     'pngcrush-bin': 
      { replaceHost: [Array],
        host: 'https://npm.taobao.org/mirrors/pngcrush-bin' },
     'jpeg-recompress-bin': 
      { replaceHost: [Array],
        host: 'https://npm.taobao.org/mirrors/jpeg-recompress-bin' },
     'advpng-bin': 
      { replaceHost: [Array],
        host: 'https://npm.taobao.org/mirrors/advpng-bin' },
     'pngout-bin': 
      { replaceHost: [Array],
        host: 'https://npm.taobao.org/mirrors/pngout-bin' },
     'jpegoptim-bin': 
      { replaceHost: [Array],
        host: 'https://npm.taobao.org/mirrors/jpegoptim-bin' },
     vscode: { replaceHostRegExpMap: [Object] } },
  forbiddenLicenses: null,
  flatten: false,
  proxy: undefined,
  prune: false,
  disableDedupe: false,
  strictSSL: true,
  ignoreScripts: false,
  detail: false,
  trace: false,
  engineStrict: false,
  registryOnly: false,
  autoFixVersion: [Function: autoFixVersion],
  spinner: 
   Ora {
     options: { text: '', color: 'cyan', stream: [Object] },
     spinner: { interval: 130, frames: [Array] },
     text: '[0/1] Installing through@~2.3',
     color: 'cyan',
     interval: 130,
     stream: 
      WriteStream {
        connecting: false,
        _hadError: false,
        _handle: [Object],
        _parent: null,
        _host: null,
        _readableState: [Object],
        readable: false,
        domain: null,
        _events: [Object],
        _eventsCount: 3,
        _maxListeners: undefined,
        _writableState: [Object],
        writable: true,
        allowHalfOpen: false,
        _bytesDispatched: 31960,
        _sockname: null,
        _writev: null,
        _pendingData: null,
        _pendingEncoding: '',
        server: null,
        _server: null,
        columns: 80,
        rows: 25,
        _type: 'tty',
        fd: 2,
        _isStdio: true,
        destroySoon: [Function: destroy],
        _destroy: [Function],
        [Symbol(asyncId)]: 6,
        [Symbol(bytesRead)]: 0 },
     id: null,
     frameIndex: 0,
     enabled: true },
  events: 
   EventEmitter {
     domain: null,
     _events: {},
     _eventsCount: 0,
     _maxListeners: 0,
     await: [Function] },
  postInstallTasks: [],
  peerDependencies: [],
  linkPeerDependencies: [],
  packageVersions: 
   { 'gulp-connect': Set { '5.6.1' },
     'ansi-colors': Set { '2.0.5' },
     'fancy-log': Set { '1.3.2' },
     'connect-livereload': Set { '0.6.0' },
     'tiny-lr': Set { '1.1.1' },
     'serve-index': Set { '1.9.1' },
     send: Set { '0.16.2' },
     'serve-static': Set { '1.13.2' },
     'object-assign': Set { '4.1.1' },
     debug: Set { '3.2.6', '2.6.9' },
     body: Set { '5.1.0' },
     'escape-html': Set { '1.0.3' },
     'mime-types': Set { '2.1.21' },
     'http-errors': Set { '1.6.3' },
     parseurl: Set { '1.3.2' },
     destroy: Set { '1.0.4' },
     encodeurl: Set { '1.0.2' },
     depd: Set { '1.1.2' },
     etag: Set { '1.8.1' },
     'faye-websocket': Set { '0.10.0' },
     accepts: Set { '1.3.5' },
     'raw-body': Set { '1.1.7' },
     qs: Set { '6.5.2' },
     fresh: Set { '0.5.2' },
     'continuable-cache': Set { '0.3.1' },
     'on-finished': Set { '2.3.0' },
     'safe-json-parse': Set { '1.0.1' },
     ms: Set { '2.0.0' },
     inherits: Set { '2.0.3' },
     'range-parser': Set { '1.2.0' },
     error: Set { '7.0.2' },
     setprototypeof: Set { '1.1.0' },
     mime: Set { '1.4.1' },
     'ee-first': Set { '1.1.1' },
     'string-template': Set { '0.2.1' },
     xtend: Set { '4.0.1' },
     negotiator: Set { '0.6.1' },
     statuses: Set { '1.4.0', '1.5.0', '1.3.1' },
     'mime-db': Set { '1.37.0' },
     connect: Set { '3.6.6' },
     bytes: Set { '1.0.0' },
     finalhandler: Set { '1.1.0' },
     'utils-merge': Set { '1.0.1' },
     unpipe: Set { '1.0.0' },
     'websocket-driver': Set { '0.7.0' },
     'websocket-extensions': Set { '0.1.3' },
     'event-stream': Set { '3.3.6' },
     'http-parser-js': Set { '0.5.0' },
     duplexer: Set { '0.1.1' },
     from: Set { '0.1.7' },
     'stream-combiner': Set { '0.2.2' },
     'map-stream': Set { '0.0.7' },
     split: Set { '1.0.1' },
     'pause-stream': Set { '0.0.11' },
     through: Set { '2.3.8' },
     'flatmap-stream': Set { '0.1.1' },
     string_decoder: Set { '0.10.31' },
     batch: Set { '0.6.1' },
     'livereload-js': Set { '2.4.0' } },
  latestVersions: 
   Map {
     'gulp-connect' => '5.6.1',
     'ansi-colors' => '2.0.5',
     'fancy-log' => '1.3.2',
     'connect-livereload' => '0.6.0',
     'tiny-lr' => '1.1.1',
     'serve-index' => '1.9.1',
     'send' => '0.16.2',
     'serve-static' => '1.13.2',
     'object-assign' => '4.1.1',
     'debug' => '3.2.6',
     'body' => '5.1.0',
     'escape-html' => '1.0.3',
     'mime-types' => '2.1.21',
     'http-errors' => '1.6.3',
     'parseurl' => '1.3.2',
     'destroy' => '1.0.4',
     'encodeurl' => '1.0.2',
     'depd' => '1.1.2',
     'etag' => '1.8.1',
     'faye-websocket' => '0.10.0',
     'accepts' => '1.3.5',
     'raw-body' => '1.1.7',
     'qs' => '6.5.2',
     'fresh' => '0.5.2',
     'continuable-cache' => '0.3.1',
     'on-finished' => '2.3.0',
     'safe-json-parse' => '1.0.1',
     'ms' => '2.0.0',
     'inherits' => '2.0.3',
     'range-parser' => '1.2.0',
     'error' => '7.0.2',
     'setprototypeof' => '1.1.0',
     'mime' => '1.4.1',
     'ee-first' => '1.1.1',
     'string-template' => '0.2.1',
     'xtend' => '4.0.1',
     'negotiator' => '0.6.1',
     'statuses' => '1.5.0',
     'mime-db' => '1.37.0',
     'connect' => '3.6.6',
     'bytes' => '1.0.0',
     'finalhandler' => '1.1.0',
     'utils-merge' => '1.0.1',
     'unpipe' => '1.0.0',
     'websocket-driver' => '0.7.0',
     'websocket-extensions' => '0.1.3',
     'event-stream' => '3.3.6',
     'http-parser-js' => '0.5.0',
     'duplexer' => '0.1.1',
     'from' => '0.1.7',
     'stream-combiner' => '0.2.2',
     'map-stream' => '0.0.7',
     'split' => '1.0.1',
     'pause-stream' => '0.0.11',
     'through' => '2.3.8',
     'flatmap-stream' => '0.1.1',
     'string_decoder' => '0.10.31',
     'batch' => '0.6.1',
     'livereload-js' => '2.4.0' },
  latestPackages: Map {},
  cache: 
   { 'npm:resolve:package:gulp-connect': 
      { done: true,
        name: 'gulp-connect',
        modified: '2018-08-28T22:02:44.000Z',
        'dist-tags': [Object],
        versions: [Object],
        allVersions: [Array] },
     'npm:resolve:version:gulp-connect@*': 
      { name: 'gulp-connect',
        version: '5.6.1',
        dependencies: [Object],
        devDependencies: [Object],
        directories: {},
        dist: [Object],
        engines: [Object],
        _hasShrinkwrap: false,
        publish_time: 1535493746133,
        description: 'Gulp plugin to run a webserver (with LiveReload)',
        license: 'MIT',
        repository: [Object],
        authors: [Array],
        scripts: [Object],
        keywords: [Array],
        bugs: [Object],
        readme: 'ERROR: No README data found!',
        homepage: 'https://github.com/avevlad/gulp-connect#readme',
        _id: 'gulp-connect@5.6.1' },
     'download:gulp-connect@5.6.1': { done: true },
     'install:gulp-connect@*': 
      { package: [Object],
        dir: 'D:\\wamp_php\\java_script\\incake_project\\node_modules\\_gulp-connect@5.6.1@gulp-connect' },
     'npm:resolve:package:ansi-colors': 
      { done: true,
        name: 'ansi-colors',
        modified: '2018-10-22T06:56:53.000Z',
        'dist-tags': [Object],
        versions: [Object],
        allVersions: [Array] },
     'npm:resolve:package:connect': 
      { done: true,
        name: 'connect',
        modified: '2018-02-15T05:37:46.000Z',
        'dist-tags': [Object],
        versions: [Object],
        allVersions: [Array] },
     'npm:resolve:package:connect-livereload': 
      { done: true,
        name: 'connect-livereload',
        modified: '2017-03-27T13:36:07.000Z',
        'dist-tags': [Object],
        versions: [Object],
        allVersions: [Array] },
     'npm:resolve:package:event-stream': 
      { done: true,
        name: 'event-stream',
        modified: '2018-09-29T06:56:06.000Z',
        'dist-tags': [Object],
        versions: [Object],
        allVersions: [Array] },
     'npm:resolve:package:fancy-log': 
      { done: true,
        name: 'fancy-log',
        modified: '2017-12-13T21:53:53.000Z',
        'dist-tags': [Object],
        versions: [Object],
        allVersions: [Array] },
     'npm:resolve:package:send': 
      { done: true,
        name: 'send',
        modified: '2018-02-07T16:26:37.000Z',
        'dist-tags': [Object],
        versions: [Object],
        allVersions: [Array] },
     'npm:resolve:package:serve-index': 
      { done: true,
        name: 'serve-index',
        modified: '2017-09-29T19:43:26.000Z',
        'dist-tags': [Object],
        versions: [Object],
        allVersions: [Array] },
     'npm:resolve:package:serve-static': 
      { done: true,
        name: 'serve-static',
        modified: '2018-02-07T18:38:47.000Z',
        'dist-tags': [Object],
        versions: [Object],
        allVersions: [Array] },
     'npm:resolve:package:tiny-lr': 
      { done: true,
        name: 'tiny-lr',
        modified: '2018-02-23T18:14:28.000Z',
        'dist-tags': [Object],
        versions: [Object],
        allVersions: [Array] },
     'npm:resolve:version:ansi-colors@^2.0.5': 
      { name: 'ansi-colors',
        version: '2.0.5',
        devDependencies: [Object],
        directories: {},
        dist: [Object],
        engines: [Object],
        _hasShrinkwrap: false,
        publish_time: 1532026262326,
        description: 'Easily add ANSI colors to your text and symbols in the terminal.',
        homepage: 'https://github.com/doowb/ansi-colors',
        author: [Object],
        contributors: [Array],
        repository: [Object],
        bugs: [Object],
        license: 'MIT',
        files: [Array],
        main: 'index.js',
        scripts: [Object],
        keywords: [Array],
        types: './types/index.d.ts',
        verb: [Object],
        readme: 'ERROR: No README data found!',
        _id: 'ansi-colors@2.0.5' },
     'download:ansi-colors@2.0.5': { done: true },
     'install:ansi-colors@^2.0.5': 
      { package: [Object],
        dir: 'D:\\wamp_php\\java_script\\incake_project\\node_modules\\_ansi-colors@2.0.5@ansi-colors' },
     'install:ansi-colors:range:3.0.0': 
      { package: [Object],
        dir: 'D:\\wamp_php\\java_script\\incake_project\\node_modules\\_ansi-colors@2.0.5@ansi-colors' },
     'npm:resolve:version:serve-index@^1.9.1': 
      { name: 'serve-index',
        version: '1.9.1',
        dependencies: [Object],
        devDependencies: [Object],
        directories: {},
        dist: [Object],
        engines: [Object],
        _hasShrinkwrap: false,
        publish_time: 1506659830468,
        description: 'Serve directory listings',
        author: [Object],
        license: 'MIT',
        repository: [Object],
        files: [Array],
        scripts: [Object],
        bugs: [Object],
        readme: 'ERROR: No README data found!',
        homepage: 'https://github.com/expressjs/serve-index#readme',
        _id: 'serve-index@1.9.1' },
     'download:serve-index@1.9.1': { done: true },
     'npm:resolve:version:tiny-lr@^1.1.1': 
      { name: 'tiny-lr',
        version: '1.1.1',
        dependencies: [Object],
        devDependencies: [Object],
        directories: {},
        dist: [Object],
        _hasShrinkwrap: false,
        publish_time: 1519409658932,
        description: 'Tiny LiveReload server, background-friendly',
        main: './src',
        scripts: [Object],
        watch: [Object],
        author: [Object],
        homepage: 'https://github.com/mklabs/tiny-lr',
        bugs: [Object],
        repository: [Object],
        config: [Object],
        license: 'MIT',
        contributors: [Array],
        readme: 'ERROR: No README data found!',
        _id: 'tiny-lr@1.1.1' },
     'download:tiny-lr@1.1.1': { done: true },
     'npm:resolve:version:fancy-log@^1.3.2': 
      { name: 'fancy-log',
        version: '1.3.2',
        dependencies: [Object],
        devDependencies: [Object],
        directories: {},
        dist: [Object],
        engines: [Object],
        _hasShrinkwrap: false,
        publish_time: 1513202028136 },
     'download:fancy-log@1.3.2': { done: true },
     'install:fancy-log@^1.3.2': 
      { package: [Object],
        dir: 'D:\\wamp_php\\java_script\\incake_project\\node_modules\\_fancy-log@1.3.2@fancy-log' },
     'install:fancy-log:range:2.0.0': 
      { package: [Object],
        dir: 'D:\\wamp_php\\java_script\\incake_project\\node_modules\\_fancy-log@1.3.2@fancy-log' },
     'npm:resolve:version:connect-livereload@^0.6.0': 
      { name: 'connect-livereload',
        version: '0.6.0',
        dependencies: {},
        devDependencies: [Object],
        directories: {},
        dist: [Object],
        engines: [Object],
        _hasShrinkwrap: false,
        publish_time: 1473709552034,
        description: 'connect middleware for adding the livereload script to the response',
        author: [Object],
        contributors: [Array],
        scripts: [Object],
        keywords: [Array],
        repository: [Object],
        main: 'index',
        license: 'MIT',
        bugs: [Object],
        readme: 'ERROR: No README data found!',
        homepage: 'https://github.com/intesso/connect-livereload#readme',
        _id: 'connect-livereload@0.6.0' },
     'download:connect-livereload@0.6.0': { done: true },
     'install:connect-livereload@^0.6.0': 
      { package: [Object],
        dir: 'D:\\wamp_php\\java_script\\incake_project\\node_modules\\_connect-livereload@0.6.0@connect-livereload' },
     'install:connect-livereload:range:0.7.0': 
      { package: [Object],
        dir: 'D:\\wamp_php\\java_script\\incake_project\\node_modules\\_connect-livereload@0.6.0@connect-livereload' },
     'npm:resolve:version:send@^0.16.2': 
      { name: 'send',
        version: '0.16.2',
        dependencies: [Object],
        devDependencies: [Object],
        directories: {},
        dist: [Object],
        engines: [Object],
        _hasShrinkwrap: false,
        publish_time: 1518020787070,
        description: 'Better streaming static file server with Range and conditional-GET support',
        author: [Object],
        contributors: [Array],
        license: 'MIT',
        repository: [Object],
        keywords: [Array],
        files: [Array],
        scripts: [Object],
        bugs: [Object],
        readme: 'ERROR: No README data found!',
        homepage: 'https://github.com/pillarjs/send#readme',
        _id: 'send@0.16.2' },
     'download:send@0.16.2': { done: true },
     'install:tiny-lr@^1.1.1': 
      { package: [Object],
        dir: 'D:\\wamp_php\\java_script\\incake_project\\node_modules\\_tiny-lr@1.1.1@tiny-lr' },
     'install:tiny-lr:range:2.0.0': 
      { package: [Object],
        dir: 'D:\\wamp_php\\java_script\\incake_project\\node_modules\\_tiny-lr@1.1.1@tiny-lr' },
     'npm:resolve:package:body': 
      { done: true,
        name: 'body',
        modified: '2017-03-27T10:21:21.000Z',
        'dist-tags': [Object],
        versions: [Object],
        allVersions: [Array] },
     'npm:resolve:package:debug': 
      { done: true,
        name: 'debug',
        modified: '2018-10-10T06:48:14.000Z',
        'dist-tags': [Object],
        versions: [Object],
        allVersions: [Array] },
     'npm:resolve:package:faye-websocket': 
      { done: true,
        name: 'faye-websocket',
        modified: '2017-03-27T18:10:45.000Z',
        'dist-tags': [Object],
        versions: [Object],
        allVersions: [Array] },
     'npm:resolve:package:livereload-js': 
      { done: true,
        name: 'livereload-js',
        modified: '2018-11-02T17:54:39.000Z',
        'dist-tags': [Object],
        versions: [Object],
        allVersions: [Array] },
     'npm:resolve:package:object-assign': 
      { done: true,
        name: 'object-assign',
        modified: '2017-03-27T09:54:20.000Z',
        'dist-tags': [Object],
        versions: [Object],
        allVersions: [Array] },
     'npm:resolve:package:qs': 
      { done: true,
        name: 'qs',
        modified: '2018-05-04T06:06:24.000Z',
        'dist-tags': [Object],
        versions: [Object],
        allVersions: [Array] },
     'install:serve-index@^1.9.1': 
      { package: [Object],
        dir: 'D:\\wamp_php\\java_script\\incake_project\\node_modules\\_serve-index@1.9.1@serve-index' },
     'install:serve-index:range:2.0.0': 
      { package: [Object],
        dir: 'D:\\wamp_php\\java_script\\incake_project\\node_modules\\_serve-index@1.9.1@serve-index' },
     'npm:resolve:version:serve-static@^1.13.2': 
      { name: 'serve-static',
        version: '1.13.2',
        dependencies: [Object],
        devDependencies: [Object],
        directories: {},
        dist: [Object],
        engines: [Object],
        _hasShrinkwrap: false,
        publish_time: 1518028720596,
        description: 'Serve static files',
        author: [Object],
        license: 'MIT',
        repository: [Object],
        files: [Array],
        scripts: [Object],
        bugs: [Object],
        readme: 'ERROR: No README data found!',
        homepage: 'https://github.com/expressjs/serve-static#readme',
        _id: 'serve-static@1.13.2' },
     'download:serve-static@1.13.2': { done: true },
     'npm:resolve:package:accepts': 
      { done: true,
        name: 'accepts',
        modified: '2018-03-01T01:58:54.000Z',
        'dist-tags': [Object],
        versions: [Object],
        allVersions: [Array] },
     'npm:resolve:package:batch': 
      { done: true,
        name: 'batch',
        modified: '2017-05-16T21:11:53.000Z',
        'dist-tags': [Object],
        versions: [Object],
        allVersions: [Array] },
     'npm:resolve:package:escape-html': 
      { done: true,
        name: 'escape-html',
        modified: '2017-03-27T11:52:48.000Z',
        'dist-tags': [Object],
        versions: [Object],
        allVersions: [Array] },
     'npm:resolve:package:http-errors': 
      { done: true,
        name: 'http-errors',
        modified: '2018-09-08T22:16:45.000Z',
        'dist-tags': [Object],
        versions: [Object],
        allVersions: [Array] },
     'npm:resolve:package:mime-types': 
      { done: true,
        name: 'mime-types',
        modified: '2018-10-20T03:37:20.000Z',
        'dist-tags': [Object],
        versions: [Object],
        allVersions: [Array] },
     'npm:resolve:package:parseurl': 
      { done: true,
        name: 'parseurl',
        modified: '2017-09-09T21:21:24.000Z',
        'dist-tags': [Object],
        versions: [Object],
        allVersions: [Array] },
     'install:send@^0.16.2': 
      { package: [Object],
        dir: 'D:\\wamp_php\\java_script\\incake_project\\node_modules\\_send@0.16.2@send' },
     'install:send:range:0.17.0': 
      { package: [Object],
        dir: 'D:\\wamp_php\\java_script\\incake_project\\node_modules\\_send@0.16.2@send' },
     'npm:resolve:package:depd': 
      { done: true,
        name: 'depd',
        modified: '2018-10-26T17:53:06.000Z',
        'dist-tags': [Object],
        versions: [Object],
        allVersions: [Array] },
     'npm:resolve:package:destroy': 
      { done: true,
        name: 'destroy',
        modified: '2017-03-27T17:00:45.000Z',
        'dist-tags': [Object],
        versions: [Object],
        allVersions: [Array] },
     'npm:resolve:package:encodeurl': 
      { done: true,
        name: 'encodeurl',
        modified: '2018-01-22T03:19:33.000Z',
        'dist-tags': [Object],
        versions: [Object],
        allVersions: [Array] },
     'npm:resolve:package:etag': 
      { done: true,
        name: 'etag',
        modified: '2017-09-13T12:29:06.000Z',
        'dist-tags': [Object],
        versions: [Object],
        allVersions: [Array] },
     'npm:resolve:package:fresh': 
      { done: true,
        name: 'fresh',
        modified: '2017-09-16T13:44:28.000Z',
        'dist-tags': [Object],
        versions: [Object],
        allVersions: [Array] },
     'npm:resolve:package:mime': 
      { done: true,
        name: 'mime',
        modified: '2018-04-11T13:30:23.000Z',
        'dist-tags': [Object],
        versions: [Object],
        allVersions: [Array] },
     'npm:resolve:package:ms': 
      { done: true,
        name: 'ms',
        modified: '2017-11-30T18:30:20.000Z',
        'dist-tags': [Object],
        versions: [Object],
        allVersions: [Array] },
     'install:serve-static@^1.13.2': 
      { package: [Object],
        dir: 'D:\\wamp_php\\java_script\\incake_project\\node_modules\\_serve-static@1.13.2@serve-static' },
     'install:serve-static:range:2.0.0': 
      { package: [Object],
        dir: 'D:\\wamp_php\\java_script\\incake_project\\node_modules\\_serve-static@1.13.2@serve-static' },
     'npm:resolve:version:send@0.16.2': 
      { name: 'send',
        version: '0.16.2',
        dependencies: [Object],
        devDependencies: [Object],
        directories: {},
        dist: [Object],
        engines: [Object],
        _hasShrinkwrap: false,
        publish_time: 1518020787070,
        description: 'Better streaming static file server with Range and conditional-GET support',
        author: [Object],
        contributors: [Array],
        license: 'MIT',
        repository: [Object],
        keywords: [Array],
        files: [Array],
        scripts: [Object],
        bugs: [Object],
        readme: 'ERROR: No README data found!',
        homepage: 'https://github.com/pillarjs/send#readme',
        _id: 'send@0.16.2' },
     'install:send@0.16.2': 
      { package: [Object],
        dir: 'D:\\wamp_php\\java_script\\incake_project\\node_modules\\_send@0.16.2@send' },
     'npm:resolve:version:body@^5.1.0': 
      { name: 'body',
        version: '5.1.0',
        dependencies: [Object],
        devDependencies: [Object],
        directories: {},
        dist: [Object],
        _hasShrinkwrap: false,
        publish_time: 1434774690810,
        description: 'Body parsing',
        keywords: [],
        author: [Object],
        repository: [Object],
        main: 'index',
        homepage: 'https://github.com/Raynos/body',
        contributors: [Array],
        bugs: [Object],
        licenses: [Array],
        scripts: [Object],
        readme: 'ERROR: No README data found!',
        _id: 'body@5.1.0' },
     'download:body@5.1.0': { done: true },
     'npm:resolve:version:livereload-js@^2.3.0': 
      { name: 'livereload-js',
        version: '2.4.0',
        devDependencies: [Object],
        directories: [Object],
        dist: [Object],
        _hasShrinkwrap: false,
        publish_time: 1541181268719,
        description: 'LiveReload JS client - auto reload browser on changes',
        main: 'lib/startup.js',
        scripts: [Object],
        repository: [Object],
        license: 'MIT',
        bugs: [Object],
        homepage: 'https://github.com/livereload/livereload-js',
        readme: 'ERROR: No README data found!',
        _id: 'livereload-js@2.4.0' },
     'download:livereload-js@2.4.0': { done: true },
     'npm:resolve:version:object-assign@^4.1.0': 
      { name: 'object-assign',
        version: '4.1.1',
        devDependencies: [Object],
        directories: {},
        dist: [Object],
        engines: [Object],
        _hasShrinkwrap: false,
        publish_time: 1484580915282 },
     'download:object-assign@4.1.1': { done: true },
     'install:object-assign@^4.1.0': 
      { package: [Object],
        dir: 'D:\\wamp_php\\java_script\\incake_project\\node_modules\\_object-assign@4.1.1@object-assign' },
     'install:object-assign:range:5.0.0': 
      { package: [Object],
        dir: 'D:\\wamp_php\\java_script\\incake_project\\node_modules\\_object-assign@4.1.1@object-assign' },
     'npm:resolve:version:debug@^3.1.0': 
      { name: 'debug',
        version: '3.2.6',
        dependencies: [Object],
        devDependencies: [Object],
        directories: {},
        dist: [Object],
        _hasShrinkwrap: false,
        publish_time: 1539154080226 },
     'npm:resolve:version:debug@2.6.9': 
      { name: 'debug',
        version: '2.6.9',
        dependencies: [Object],
        devDependencies: [Object],
        directories: {},
        dist: [Object],
        _hasShrinkwrap: false,
        publish_time: 1506087155541 },
     'download:debug@3.2.6': { done: true },
     'download:debug@2.6.9': { done: true },
     'install:debug@^3.1.0': 
      { package: [Object],
        dir: 'D:\\wamp_php\\java_script\\incake_project\\node_modules\\_debug@3.2.6@debug' },
     'install:debug:range:4.0.0': 
      { package: [Object],
        dir: 'D:\\wamp_php\\java_script\\incake_project\\node_modules\\_debug@3.2.6@debug' },
     'install:debug@2.6.9': 
      { package: [Object],
        dir: 'D:\\wamp_php\\java_script\\incake_project\\node_modules\\_debug@2.6.9@debug' },
     'install:body@^5.1.0': 
      { package: [Object],
        dir: 'D:\\wamp_php\\java_script\\incake_project\\node_modules\\_body@5.1.0@body' },
     'install:body:range:6.0.0': 
      { package: [Object],
        dir: 'D:\\wamp_php\\java_script\\incake_project\\node_modules\\_body@5.1.0@body' },
     'npm:resolve:package:continuable-cache': 
      { done: true,
        name: 'continuable-cache',
        modified: '2017-03-28T13:55:21.000Z',
        'dist-tags': [Object],
        versions: [Object],
        allVersions: [Array] },
     'npm:resolve:package:error': 
      { done: true,
        name: 'error',
        modified: '2017-03-29T00:57:20.000Z',
        'dist-tags': [Object],
        versions: [Object],
        allVersions: [Array] },
     'npm:resolve:package:raw-body': 
      { done: true,
        name: 'raw-body',
        modified: '2018-05-08T15:39:48.000Z',
        'dist-tags': [Object],
        versions: [Object],
        allVersions: [Array] },
     'npm:resolve:package:safe-json-parse': 
      { done: true,
        name: 'safe-json-parse',
        modified: '2017-03-27T18:10:52.000Z',
        'dist-tags': [Object],
        versions: [Object],
        allVersions: [Array] },
     'npm:resolve:package:on-finished': 
      { done: true,
        name: 'on-finished',
        modified: '2017-03-27T15:17:50.000Z',
        'dist-tags': [Object],
        versions: [Object],
        allVersions: [Array] },
     'npm:resolve:version:escape-html@~1.0.3': 
      { name: 'escape-html',
        version: '1.0.3',
        devDependencies: [Object],
        directories: {},
        dist: [Object],
        _hasShrinkwrap: false,
        publish_time: 1441082842713,
        description: 'Escape string for use in HTML',
        license: 'MIT',
        keywords: [Array],
        repository: [Object],
        files: [Array],
        scripts: [Object],
        bugs: [Object],
        readme: 'ERROR: No README data found!',
        homepage: 'https://github.com/component/escape-html#readme',
        _id: 'escape-html@1.0.3' },
     'download:escape-html@1.0.3': { done: true },
     'npm:resolve:version:mime-types@~2.1.17': 
      { name: 'mime-types',
        version: '2.1.21',
        dependencies: [Object],
        devDependencies: [Object],
        directories: {},
        dist: [Object],
        engines: [Object],
        _hasShrinkwrap: false,
        publish_time: 1540006627996,
        description: 'The ultimate javascript content-type utility.',
        contributors: [Array],
        license: 'MIT',
        keywords: [Array],
        repository: [Object],
        files: [Array],
        scripts: [Object],
        bugs: [Object],
        readme: 'ERROR: No README data found!',
        homepage: 'https://github.com/jshttp/mime-types#readme',
        _id: 'mime-types@2.1.21' },
     'download:mime-types@2.1.21': { done: true },
     'npm:resolve:version:http-errors@~1.6.2': 
      { name: 'http-errors',
        version: '1.6.3',
        dependencies: [Object],
        devDependencies: [Object],
        directories: {},
        dist: [Object],
        engines: [Object],
        _hasShrinkwrap: false,
        publish_time: 1522355346751,
        description: 'Create HTTP error objects',
        author: [Object],
        contributors: [Array],
        license: 'MIT',
        repository: [Object],
        scripts: [Object],
        keywords: [Array],
        files: [Array],
        bugs: [Object],
        readme: 'ERROR: No README data found!',
        homepage: 'https://github.com/jshttp/http-errors#readme',
        _id: 'http-errors@1.6.3' },
     'download:http-errors@1.6.3': { done: true },
     'npm:resolve:version:faye-websocket@~0.10.0': 
      { name: 'faye-websocket',
        version: '0.10.0',
        dependencies: [Object],
        devDependencies: [Object],
        directories: {},
        dist: [Object],
        engines: [Object],
        _hasShrinkwrap: false,
        publish_time: 1436386738386,
        description: 'Standards-compliant WebSocket server and client',
        homepage: 'http://github.com/faye/faye-websocket-node',
        author: [Object],
        keywords: [Array],
        license: 'MIT',
        main: './lib/faye/websocket',
        scripts: [Object],
        repository: [Object],
        bugs: [Object],
        readme: 'ERROR: No README data found!',
        _id: 'faye-websocket@0.10.0' },
     'download:faye-websocket@0.10.0': { done: true },
     'install:escape-html@~1.0.3': 
      { package: [Object],
        dir: 'D:\\wamp_php\\java_script\\incake_project\\node_modules\\_escape-html@1.0.3@escape-html' },
     'install:escape-html:range:1.1.0': 
      { package: [Object],
        dir: 'D:\\wamp_php\\java_script\\incake_project\\node_modules\\_escape-html@1.0.3@escape-html' },
     'npm:resolve:version:parseurl@~1.3.2': 
      { name: 'parseurl',
        version: '1.3.2',
        devDependencies: [Object],
        directories: {},
        dist: [Object],
        engines: [Object],
        _hasShrinkwrap: false,
        publish_time: 1504992080714,
        description: 'parse a url with memoization',
        contributors: [Array],
        repository: [Object],
        license: 'MIT',
        files: [Array],
        scripts: [Object],
        bugs: [Object],
        readme: 'ERROR: No README data found!',
        homepage: 'https://github.com/pillarjs/parseurl#readme',
        _id: 'parseurl@1.3.2' },
     'download:parseurl@1.3.2': { done: true },
     'npm:resolve:package:range-parser': 
      { done: true,
        name: 'range-parser',
        modified: '2017-03-27T10:13:01.000Z',
        'dist-tags': [Object],
        versions: [Object],
        allVersions: [Array] },
     'install:mime-types@~2.1.17': 
      { package: [Object],
        dir: 'D:\\wamp_php\\java_script\\incake_project\\node_modules\\_mime-types@2.1.21@mime-types' },
     'install:mime-types:range:2.2.0': 
      { package: [Object],
        dir: 'D:\\wamp_php\\java_script\\incake_project\\node_modules\\_mime-types@2.1.21@mime-types' },
     'npm:resolve:version:depd@~1.1.2': 
      { name: 'depd',
        version: '1.1.2',
        devDependencies: [Object],
        directories: {},
        dist: [Object],
        engines: [Object],
        _hasShrinkwrap: false,
        publish_time: 1515736023858,
        description: 'Deprecate all the things',
        author: [Object],
        license: 'MIT',
        keywords: [Array],
        repository: [Object],
        browser: 'lib/browser/index.js',
        files: [Array],
        scripts: [Object],
        bugs: [Object],
        readme: 'ERROR: No README data found!',
        homepage: 'https://github.com/dougwilson/nodejs-depd#readme',
        _id: 'depd@1.1.2' },
     'download:depd@1.1.2': { done: true },
     'npm:resolve:package:mime-db': 
      { done: true,
        name: 'mime-db',
        modified: '2018-10-20T01:39:44.000Z',
        'dist-tags': [Object],
        versions: [Object],
        allVersions: [Array] },
     'npm:resolve:version:destroy@~1.0.4': 
      { name: 'destroy',
        version: '1.0.4',
        devDependencies: [Object],
        directories: {},
        dist: [Object],
        _hasShrinkwrap: false,
        publish_time: 1452914045899,
        description: 'destroy a stream if possible',
        author: [Object],
        contributors: [Array],
        license: 'MIT',
        repository: [Object],
        scripts: [Object],
        files: [Array],
        keywords: [Array],
        bugs: [Object],
        readme: 'ERROR: No README data found!',
        homepage: 'https://github.com/stream-utils/destroy#readme',
        _id: 'destroy@1.0.4' },
     'download:destroy@1.0.4': { done: true },
     'npm:resolve:version:encodeurl@~1.0.2': 
      { name: 'encodeurl',
        version: '1.0.2',
        devDependencies: [Object],
        directories: {},
        dist: [Object],
        engines: [Object],
        _hasShrinkwrap: false,
        publish_time: 1516591169733,
        description: 'Encode a URL to a percent-encoded form, excluding already-encoded sequences',
        contributors: [Array],
        license: 'MIT',
        keywords: [Array],
        repository: [Object],
        files: [Array],
        scripts: [Object],
        bugs: [Object],
        readme: 'ERROR: No README data found!',
        homepage: 'https://github.com/pillarjs/encodeurl#readme',
        _id: 'encodeurl@1.0.2' },
     'download:encodeurl@1.0.2': { done: true },
     'install:http-errors@~1.6.2': 
      { package: [Object],
        dir: 'D:\\wamp_php\\java_script\\incake_project\\node_modules\\_http-errors@1.6.3@http-errors' },
     'install:http-errors:range:1.7.0': 
      { package: [Object],
        dir: 'D:\\wamp_php\\java_script\\incake_project\\node_modules\\_http-errors@1.6.3@http-errors' },
     'npm:resolve:package:inherits': 
      { done: true,
        name: 'inherits',
        modified: '2017-03-27T10:05:39.000Z',
        'dist-tags': [Object],
        versions: [Object],
        allVersions: [Array] },
     'npm:resolve:package:setprototypeof': 
      { done: true,
        name: 'setprototypeof',
        modified: '2017-09-13T23:50:27.000Z',
        'dist-tags': [Object],
        versions: [Object],
        allVersions: [Array] },
     'npm:resolve:package:statuses': 
      { done: true,
        name: 'statuses',
        modified: '2018-03-28T01:43:24.000Z',
        'dist-tags': [Object],
        versions: [Object],
        allVersions: [Array] },
     'npm:resolve:version:etag@~1.8.1': 
      { name: 'etag',
        version: '1.8.1',
        devDependencies: [Object],
        directories: {},
        dist: [Object],
        engines: [Object],
        _hasShrinkwrap: false,
        publish_time: 1505270624422,
        description: 'Create simple HTTP ETags',
        contributors: [Array],
        license: 'MIT',
        keywords: [Array],
        repository: [Object],
        files: [Array],
        scripts: [Object],
        bugs: [Object],
        readme: 'ERROR: No README data found!',
        homepage: 'https://github.com/jshttp/etag#readme',
        _id: 'etag@1.8.1' },
     'download:etag@1.8.1': { done: true },
     'install:parseurl@~1.3.2': 
      { package: [Object],
        dir: 'D:\\wamp_php\\java_script\\incake_project\\node_modules\\_parseurl@1.3.2@parseurl' },
     'install:parseurl:range:1.4.0': 
      { package: [Object],
        dir: 'D:\\wamp_php\\java_script\\incake_project\\node_modules\\_parseurl@1.3.2@parseurl' },
     'install:destroy@~1.0.4': 
      { package: [Object],
        dir: 'D:\\wamp_php\\java_script\\incake_project\\node_modules\\_destroy@1.0.4@destroy' },
     'install:destroy:range:1.1.0': 
      { package: [Object],
        dir: 'D:\\wamp_php\\java_script\\incake_project\\node_modules\\_destroy@1.0.4@destroy' },
     'install:encodeurl@~1.0.2': 
      { package: [Object],
        dir: 'D:\\wamp_php\\java_script\\incake_project\\node_modules\\_encodeurl@1.0.2@encodeurl' },
     'install:encodeurl:range:1.1.0': 
      { package: [Object],
        dir: 'D:\\wamp_php\\java_script\\incake_project\\node_modules\\_encodeurl@1.0.2@encodeurl' },
     'install:depd@~1.1.2': 
      { package: [Object],
        dir: 'D:\\wamp_php\\java_script\\incake_project\\node_modules\\_depd@1.1.2@depd' },
     'install:depd:range:1.2.0': 
      { package: [Object],
        dir: 'D:\\wamp_php\\java_script\\incake_project\\node_modules\\_depd@1.1.2@depd' },
     'install:etag@~1.8.1': 
      { package: [Object],
        dir: 'D:\\wamp_php\\java_script\\incake_project\\node_modules\\_etag@1.8.1@etag' },
     'install:etag:range:1.9.0': 
      { package: [Object],
        dir: 'D:\\wamp_php\\java_script\\incake_project\\node_modules\\_etag@1.8.1@etag' },
     'install:faye-websocket@~0.10.0': 
      { package: [Object],
        dir: 'D:\\wamp_php\\java_script\\incake_project\\node_modules\\_faye-websocket@0.10.0@faye-websocket' },
     'install:faye-websocket:range:0.11.0': 
      { package: [Object],
        dir: 'D:\\wamp_php\\java_script\\incake_project\\node_modules\\_faye-websocket@0.10.0@faye-websocket' },
     'npm:resolve:package:websocket-driver': 
      { done: true,
        name: 'websocket-driver',
        modified: '2017-09-12T11:08:37.000Z',
        'dist-tags': [Object],
        versions: [Object],
        allVersions: [Array] },
     'npm:resolve:version:accepts@~1.3.4': 
      { name: 'accepts',
        version: '1.3.5',
        dependencies: [Object],
        devDependencies: [Object],
        directories: {},
        dist: [Object],
        engines: [Object],
        _hasShrinkwrap: false,
        publish_time: 1519869527742,
        description: 'Higher-level content negotiation',
        contributors: [Array],
        license: 'MIT',
        repository: [Object],
        files: [Array],
        scripts: [Object],
        keywords: [Array],
        bugs: [Object],
        readme: 'ERROR: No README data found!',
        homepage: 'https://github.com/jshttp/accepts#readme',
        _id: 'accepts@1.3.5' },
     'download:accepts@1.3.5': { done: true },
     'install:accepts@~1.3.4': 
      { package: [Object],
        dir: 'D:\\wamp_php\\java_script\\incake_project\\node_modules\\_accepts@1.3.5@accepts' },
     'install:accepts:range:1.4.0': 
      { package: [Object],
        dir: 'D:\\wamp_php\\java_script\\incake_project\\node_modules\\_accepts@1.3.5@accepts' },
     'npm:resolve:package:negotiator': 
      { done: true,
        name: 'negotiator',
        modified: '2017-03-27T16:38:27.000Z',
        'dist-tags': [Object],
        versions: [Object],
        allVersions: [Array] },
     'npm:resolve:version:qs@^6.4.0': 
      { name: 'qs',
        version: '6.5.2',
        dependencies: {},
        devDependencies: [Object],
        directories: {},
        dist: [Object],
        engines: [Object],
        _hasShrinkwrap: false,
        publish_time: 1525413973890,
        description: 'A querystring parser that supports nesting and arrays, with a depth limit',
        homepage: 'https://github.com/ljharb/qs',
        repository: [Object],
        main: 'lib/index.js',
        contributors: [Array],
        keywords: [Array],
        scripts: [Object],
        license: 'BSD-3-Clause',
        bugs: [Object],
        readme: 'ERROR: No README data found!',
        _id: 'qs@6.5.2' },
     'download:qs@6.5.2': { done: true },
     'npm:resolve:version:raw-body@~1.1.0': 
      { name: 'raw-body',
        version: '1.1.7',
        dependencies: [Object],
        devDependencies: [Object],
        directories: {},
        dist: [Object],
        engines: [Object],
        _hasShrinkwrap: false,
        publish_time: 1402627967692,
        description: 'Get and validate the raw body of a readable stream.',
        author: [Object],
        license: 'MIT',
        repository: [Object],
        scripts: [Object],
        bugs: [Object],
        readme: 'ERROR: No README data found!',
        homepage: 'https://github.com/stream-utils/raw-body#readme',
        _id: 'raw-body@1.1.7' },
     'download:raw-body@1.1.7': { done: true },
     'npm:resolve:version:fresh@0.5.2': 
      { name: 'fresh',
        version: '0.5.2',
        devDependencies: [Object],
        directories: {},
        dist: [Object],
        engines: [Object],
        _hasShrinkwrap: false,
        publish_time: 1505365392205,
        description: 'HTTP response freshness testing',
        author: [Object],
        contributors: [Array],
        license: 'MIT',
        keywords: [Array],
        repository: [Object],
        files: [Array],
        scripts: [Object],
        bugs: [Object],
        readme: 'ERROR: No README data found!',
        homepage: 'https://github.com/jshttp/fresh#readme',
        _id: 'fresh@0.5.2' },
     'download:fresh@0.5.2': { done: true },
     'install:raw-body@~1.1.0': 
      { package: [Object],
        dir: 'D:\\wamp_php\\java_script\\incake_project\\node_modules\\_raw-body@1.1.7@raw-body' },
     'install:raw-body:range:1.2.0': 
      { package: [Object],
        dir: 'D:\\wamp_php\\java_script\\incake_project\\node_modules\\_raw-body@1.1.7@raw-body' },
     'npm:resolve:package:bytes': 
      { done: true,
        name: 'bytes',
        modified: '2017-08-31T21:53:02.000Z',
        'dist-tags': [Object],
        versions: [Object],
        allVersions: [Array] },
     'npm:resolve:package:string_decoder': 
      { done: true,
        name: 'string_decoder',
        modified: '2018-03-30T08:14:23.000Z',
        'dist-tags': [Object],
        versions: [Object],
        allVersions: [Array] },
     'install:qs@^6.4.0': 
      { package: [Object],
        dir: 'D:\\wamp_php\\java_script\\incake_project\\node_modules\\_qs@6.5.2@qs' },
     'install:qs:range:7.0.0': 
      { package: [Object],
        dir: 'D:\\wamp_php\\java_script\\incake_project\\node_modules\\_qs@6.5.2@qs' },
     'npm:resolve:version:safe-json-parse@~1.0.1': 
      { name: 'safe-json-parse',
        version: '1.0.1',
        dependencies: {},
        devDependencies: [Object],
        directories: {},
        dist: [Object],
        _hasShrinkwrap: false,
        publish_time: 1385529992369,
        description: 'Parse JSON safely without throwing',
        keywords: [],
        author: [Object],
        repository: [Object],
        main: 'index',
        homepage: 'https://github.com/Raynos/safe-json-parse',
        contributors: [Array],
        bugs: [Object],
        licenses: [Array],
        scripts: [Object],
        testling: [Object],
        readme: 'ERROR: No README data found!',
        _id: 'safe-json-parse@1.0.1' },
     'download:safe-json-parse@1.0.1': { done: true },
     'npm:resolve:version:continuable-cache@^0.3.1': 
      { name: 'continuable-cache',
        version: '0.3.1',
        dependencies: {},
        devDependencies: [Object],
        directories: {},
        dist: [Object],
        _hasShrinkwrap: false,
        publish_time: 1391121624808,
        description: 'Cache a continuable',
        keywords: [],
        author: [Object],
        repository: [Object],
        main: 'index',
        homepage: 'https://github.com/Raynos/continuable-cache',
        contributors: [Array],
        bugs: [Object],
        licenses: [Array],
        scripts: [Object],
        testling: [Object],
        readme: 'ERROR: No README data found!',
        _id: 'continuable-cache@0.3.1' },
     'download:continuable-cache@0.3.1': { done: true },
     'npm:resolve:version:on-finished@~2.3.0': 
      { name: 'on-finished',
        version: '2.3.0',
        dependencies: [Object],
        devDependencies: [Object],
        directories: {},
        dist: [Object],
        engines: [Object],
        _hasShrinkwrap: false,
        publish_time: 1432691894758,
        description: 'Execute a callback when a request closes, finishes, or errors',
        contributors: [Array],
        license: 'MIT',
        repository: [Object],
        files: [Array],
        scripts: [Object],
        bugs: [Object],
        readme: 'ERROR: No README data found!',
        homepage: 'https://github.com/jshttp/on-finished#readme',
        _id: 'on-finished@2.3.0' },
     'download:on-finished@2.3.0': { done: true },
     'install:fresh@0.5.2': 
      { package: [Object],
        dir: 'D:\\wamp_php\\java_script\\incake_project\\node_modules\\_fresh@0.5.2@fresh' },
     'npm:resolve:version:range-parser@~1.2.0': 
      { name: 'range-parser',
        version: '1.2.0',
        devDependencies: [Object],
        directories: {},
        dist: [Object],
        engines: [Object],
        _hasShrinkwrap: false,
        publish_time: 1464803294367,
        author: [Object],
        description: 'Range header field string parser',
        contributors: [Array],
        license: 'MIT',
        keywords: [Array],
        repository: [Object],
        files: [Array],
        scripts: [Object],
        bugs: [Object],
        readme: 'ERROR: No README data found!',
        homepage: 'https://github.com/jshttp/range-parser#readme',
        _id: 'range-parser@1.2.0' },
     'download:range-parser@1.2.0': { done: true },
     'install:continuable-cache@^0.3.1': 
      { package: [Object],
        dir: 'D:\\wamp_php\\java_script\\incake_project\\node_modules\\_continuable-cache@0.3.1@continuable-cache' },
     'install:continuable-cache:range:0.4.0': 
      { package: [Object],
        dir: 'D:\\wamp_php\\java_script\\incake_project\\node_modules\\_continuable-cache@0.3.1@continuable-cache' },
     'install:on-finished@~2.3.0': 
      { package: [Object],
        dir: 'D:\\wamp_php\\java_script\\incake_project\\node_modules\\_on-finished@2.3.0@on-finished' },
     'install:on-finished:range:2.4.0': 
      { package: [Object],
        dir: 'D:\\wamp_php\\java_script\\incake_project\\node_modules\\_on-finished@2.3.0@on-finished' },
     'install:safe-json-parse@~1.0.1': 
      { package: [Object],
        dir: 'D:\\wamp_php\\java_script\\incake_project\\node_modules\\_safe-json-parse@1.0.1@safe-json-parse' },
     'install:safe-json-parse:range:1.1.0': 
      { package: [Object],
        dir: 'D:\\wamp_php\\java_script\\incake_project\\node_modules\\_safe-json-parse@1.0.1@safe-json-parse' },
     'npm:resolve:package:ee-first': 
      { done: true,
        name: 'ee-first',
        modified: '2017-03-28T12:11:11.000Z',
        'dist-tags': [Object],
        versions: [Object],
        allVersions: [Array] },
     'npm:resolve:version:ms@2.0.0': 
      { name: 'ms',
        version: '2.0.0',
        devDependencies: [Object],
        directories: {},
        dist: [Object],
        _hasShrinkwrap: false,
        publish_time: 1494937566610 },
     'download:ms@2.0.0': { done: true },
     'install:ms@2.0.0': 
      { package: [Object],
        dir: 'D:\\wamp_php\\java_script\\incake_project\\node_modules\\_ms@2.0.0@ms' },
     'npm:resolve:version:inherits@2.0.3': 
      { name: 'inherits',
        version: '2.0.3',
        devDependencies: [Object],
        directories: {},
        dist: [Object],
        _hasShrinkwrap: false,
        publish_time: 1473295778520 },
     'download:inherits@2.0.3': { done: true },
     'install:inherits@2.0.3': 
      { package: [Object],
        dir: 'D:\\wamp_php\\java_script\\incake_project\\node_modules\\_inherits@2.0.3@inherits' },
     'install:range-parser@~1.2.0': 
      { package: [Object],
        dir: 'D:\\wamp_php\\java_script\\incake_project\\node_modules\\_range-parser@1.2.0@range-parser' },
     'install:range-parser:range:1.3.0': 
      { package: [Object],
        dir: 'D:\\wamp_php\\java_script\\incake_project\\node_modules\\_range-parser@1.2.0@range-parser' },
     'npm:resolve:version:error@^7.0.0': 
      { name: 'error',
        version: '7.0.2',
        dependencies: [Object],
        devDependencies: [Object],
        directories: {},
        dist: [Object],
        _hasShrinkwrap: false,
        publish_time: 1434652338248,
        description: 'Custom errors',
        keywords: [],
        author: [Object],
        repository: [Object],
        main: 'index',
        homepage: 'https://github.com/Raynos/error',
        contributors: [Array],
        bugs: [Object],
        licenses: [Array],
        scripts: [Object],
        testling: [Object],
        readme: 'ERROR: No README data found!',
        _id: 'error@7.0.2' },
     'download:error@7.0.2': { done: true },
     'install:error@^7.0.0': 
      { package: [Object],
        dir: 'D:\\wamp_php\\java_script\\incake_project\\node_modules\\_error@7.0.2@error' },
     'install:error:range:8.0.0': 
      { package: [Object],
        dir: 'D:\\wamp_php\\java_script\\incake_project\\node_modules\\_error@7.0.2@error' },
     'npm:resolve:package:string-template': 
      { done: true,
        name: 'string-template',
        modified: '2017-03-27T13:58:12.000Z',
        'dist-tags': [Object],
        versions: [Object],
        allVersions: [Array] },
     'npm:resolve:package:xtend': 
      { done: true,
        name: 'xtend',
        modified: '2017-03-27T09:55:53.000Z',
        'dist-tags': [Object],
        versions: [Object],
        allVersions: [Array] },
     'npm:resolve:version:setprototypeof@1.1.0': 
      { name: 'setprototypeof',
        version: '1.1.0',
        directories: {},
        dist: [Object],
        _hasShrinkwrap: false,
        publish_time: 1505346624119,
        description: 'A small polyfill for Object.setprototypeof',
        main: 'index.js',
        typings: 'index.d.ts',
        scripts: [Object],
        repository: [Object],
        keywords: [Array],
        author: [Object],
        license: 'ISC',
        bugs: [Object],
        homepage: 'https://github.com/wesleytodd/setprototypeof',
        readme: 'ERROR: No README data found!',
        _id: 'setprototypeof@1.1.0' },
     'download:setprototypeof@1.1.0': { done: true },
     'install:setprototypeof@1.1.0': 
      { package: [Object],
        dir: 'D:\\wamp_php\\java_script\\incake_project\\node_modules\\_setprototypeof@1.1.0@setprototypeof' },
     'npm:resolve:version:mime@1.4.1': 
      { name: 'mime',
        version: '1.4.1',
        dependencies: {},
        devDependencies: [Object],
        bin: [Object],
        directories: {},
        dist: [Object],
        _hasShrinkwrap: false,
        publish_time: 1506364709492,
        author: [Object],
        contributors: [Array],
        description: 'A comprehensive library for mime-type mapping',
        license: 'MIT',
        scripts: [Object],
        keywords: [Array],
        main: 'mime.js',
        repository: [Object],
        bugs: [Object],
        readme: 'ERROR: No README data found!',
        homepage: 'https://github.com/broofa/node-mime#readme',
        _id: 'mime@1.4.1' },
     'download:mime@1.4.1': { done: true },
     'install:mime@1.4.1': 
      { package: [Object],
        dir: 'D:\\wamp_php\\java_script\\incake_project\\node_modules\\_mime@1.4.1@mime' },
     'npm:resolve:version:ee-first@1.1.1': 
      { name: 'ee-first',
        version: '1.1.1',
        devDependencies: [Object],
        directories: {},
        dist: [Object],
        _hasShrinkwrap: false,
        publish_time: 1432581508732,
        description: 'return the first event in a set of ee/event pairs',
        author: [Object],
        contributors: [Array],
        license: 'MIT',
        repository: [Object],
        files: [Array],
        scripts: [Object],
        bugs: [Object],
        readme: 'ERROR: No README data found!',
        homepage: 'https://github.com/jonathanong/ee-first#readme',
        _id: 'ee-first@1.1.1' },
     'download:ee-first@1.1.1': { done: true },
     'install:ee-first@1.1.1': 
      { package: [Object],
        dir: 'D:\\wamp_php\\java_script\\incake_project\\node_modules\\_ee-first@1.1.1@ee-first' },
     'npm:resolve:version:string-template@~0.2.1': 
      { name: 'string-template',
        version: '0.2.1',
        dependencies: {},
        devDependencies: [Object],
        directories: {},
        dist: [Object],
        _hasShrinkwrap: false,
        publish_time: 1430892270890,
        description: 'A simple string template function based on named or indexed arguments',
        keywords: [Array],
        author: [Object],
        repository: [Object],
        main: 'index',
        homepage: 'https://github.com/Matt-Esch/string-template',
        contributors: [Array],
        bugs: [Object],
        licenses: [Array],
        scripts: [Object],
        testling: [Object],
        readme: 'ERROR: No README data found!',
        _id: 'string-template@0.2.1' },
     'download:string-template@0.2.1': { done: true },
     'npm:resolve:version:negotiator@0.6.1': 
      { name: 'negotiator',
        version: '0.6.1',
        devDependencies: [Object],
        directories: {},
        dist: [Object],
        engines: [Object],
        _hasShrinkwrap: false,
        publish_time: 1462250849814,
        description: 'HTTP content negotiation',
        contributors: [Array],
        license: 'MIT',
        keywords: [Array],
        repository: [Object],
        files: [Array],
        scripts: [Object],
        bugs: [Object],
        readme: 'ERROR: No README data found!',
        homepage: 'https://github.com/jshttp/negotiator#readme',
        _id: 'negotiator@0.6.1' },
     'download:negotiator@0.6.1': { done: true },
     'npm:resolve:version:statuses@>= 1.4.0 < 2': 
      { name: 'statuses',
        version: '1.5.0',
        devDependencies: [Object],
        directories: {},
        dist: [Object],
        engines: [Object],
        _hasShrinkwrap: false,
        publish_time: 1522201397941,
        description: 'HTTP status utility',
        contributors: [Array],
        repository: [Object],
        license: 'MIT',
        keywords: [Array],
        files: [Array],
        scripts: [Object],
        bugs: [Object],
        readme: 'ERROR: No README data found!',
        homepage: 'https://github.com/jshttp/statuses#readme',
        _id: 'statuses@1.5.0' },
     'npm:resolve:version:statuses@~1.4.0': 
      { name: 'statuses',
        version: '1.4.0',
        devDependencies: [Object],
        directories: {},
        dist: [Object],
        engines: [Object],
        _hasShrinkwrap: false,
        publish_time: 1508525481858,
        description: 'HTTP status utility',
        contributors: [Array],
        repository: [Object],
        license: 'MIT',
        keywords: [Array],
        files: [Array],
        scripts: [Object],
        bugs: [Object],
        readme: 'ERROR: No README data found!',
        homepage: 'https://github.com/jshttp/statuses#readme',
        _id: 'statuses@1.4.0' },
     'download:statuses@1.5.0': { done: true },
     'download:statuses@1.4.0': { done: true },
     'install:string-template@~0.2.1': 
      { package: [Object],
        dir: 'D:\\wamp_php\\java_script\\incake_project\\node_modules\\_string-template@0.2.1@string-template' },
     'install:string-template:range:0.3.0': 
      { package: [Object],
        dir: 'D:\\wamp_php\\java_script\\incake_project\\node_modules\\_string-template@0.2.1@string-template' },
     'npm:resolve:version:xtend@~4.0.0': 
      { name: 'xtend',
        version: '4.0.1',
        dependencies: {},
        devDependencies: [Object],
        directories: {},
        dist: [Object],
        engines: [Object],
        _hasShrinkwrap: false,
        publish_time: 1446502761923 },
     'download:xtend@4.0.1': { done: true },
     'install:xtend@~4.0.0': 
      { package: [Object],
        dir: 'D:\\wamp_php\\java_script\\incake_project\\node_modules\\_xtend@4.0.1@xtend' },
     'install:xtend:range:4.1.0': 
      { package: [Object],
        dir: 'D:\\wamp_php\\java_script\\incake_project\\node_modules\\_xtend@4.0.1@xtend' },
     'install:negotiator@0.6.1': 
      { package: [Object],
        dir: 'D:\\wamp_php\\java_script\\incake_project\\node_modules\\_negotiator@0.6.1@negotiator' },
     'install:statuses@~1.4.0': 
      { package: [Object],
        dir: 'D:\\wamp_php\\java_script\\incake_project\\node_modules\\_statuses@1.4.0@statuses' },
     'install:statuses:range:1.5.0': 
      { package: [Object],
        dir: 'D:\\wamp_php\\java_script\\incake_project\\node_modules\\_statuses@1.4.0@statuses' },
     'install:statuses@>= 1.4.0 < 2': 
      { package: [Object],
        dir: 'D:\\wamp_php\\java_script\\incake_project\\node_modules\\_statuses@1.5.0@statuses' },
     'install:statuses:range:2.0.0': 
      { package: [Object],
        dir: 'D:\\wamp_php\\java_script\\incake_project\\node_modules\\_statuses@1.5.0@statuses' },
     'npm:resolve:version:mime-db@~1.37.0': 
      { name: 'mime-db',
        version: '1.37.0',
        devDependencies: [Object],
        directories: {},
        dist: [Object],
        engines: [Object],
        _hasShrinkwrap: false,
        publish_time: 1539999574333,
        description: 'Media Type Database',
        contributors: [Array],
        license: 'MIT',
        keywords: [Array],
        repository: [Object],
        files: [Array],
        scripts: [Object],
        bugs: [Object],
        readme: 'ERROR: No README data found!',
        homepage: 'https://github.com/jshttp/mime-db#readme',
        _id: 'mime-db@1.37.0' },
     'download:mime-db@1.37.0': { done: true },
     'install:mime-db@~1.37.0': 
      { package: [Object],
        dir: 'D:\\wamp_php\\java_script\\incake_project\\node_modules\\_mime-db@1.37.0@mime-db' },
     'install:mime-db:range:1.38.0': 
      { package: [Object],
        dir: 'D:\\wamp_php\\java_script\\incake_project\\node_modules\\_mime-db@1.37.0@mime-db' },
     'npm:resolve:version:connect@^3.6.6': 
      { name: 'connect',
        version: '3.6.6',
        dependencies: [Object],
        devDependencies: [Object],
        directories: {},
        dist: [Object],
        engines: [Object],
        _hasShrinkwrap: false,
        publish_time: 1518673055681,
        description: 'High performance middleware framework',
        author: [Object],
        contributors: [Array],
        keywords: [Array],
        repository: [Object],
        license: 'MIT',
        files: [Array],
        scripts: [Object],
        bugs: [Object],
        readme: 'ERROR: No README data found!',
        homepage: 'https://github.com/senchalabs/connect#readme',
        _id: 'connect@3.6.6' },
     'download:connect@3.6.6': { done: true },
     'install:connect@^3.6.6': 
      { package: [Object],
        dir: 'D:\\wamp_php\\java_script\\incake_project\\node_modules\\_connect@3.6.6@connect' },
     'install:connect:range:4.0.0': 
      { package: [Object],
        dir: 'D:\\wamp_php\\java_script\\incake_project\\node_modules\\_connect@3.6.6@connect' },
     'npm:resolve:package:finalhandler': 
      { done: true,
        name: 'finalhandler',
        modified: '2018-03-06T17:36:52.000Z',
        'dist-tags': [Object],
        versions: [Object],
        allVersions: [Array] },
     'npm:resolve:package:utils-merge': 
      { done: true,
        name: 'utils-merge',
        modified: '2017-09-20T00:18:43.000Z',
        'dist-tags': [Object],
        versions: [Object],
        allVersions: [Array] },
     'npm:resolve:version:bytes@1': 
      { name: 'bytes',
        version: '1.0.0',
        dependencies: {},
        devDependencies: [Object],
        directories: {},
        dist: [Object],
        _hasShrinkwrap: false,
        publish_time: 1399333940318,
        author: [Object],
        description: 'byte size string parser / serializer',
        repository: [Object],
        main: 'index.js',
        component: [Object],
        bugs: [Object],
        readme: 'ERROR: No README data found!',
        homepage: 'https://github.com/visionmedia/bytes.js#readme',
        _id: 'bytes@1.0.0' },
     'download:bytes@1.0.0': { done: true },
     'install:bytes@1': 
      { package: [Object],
        dir: 'D:\\wamp_php\\java_script\\incake_project\\node_modules\\_bytes@1.0.0@bytes' },
     'install:bytes:range:2.0.0': 
      { package: [Object],
        dir: 'D:\\wamp_php\\java_script\\incake_project\\node_modules\\_bytes@1.0.0@bytes' },
     'npm:resolve:version:finalhandler@1.1.0': 
      { name: 'finalhandler',
        version: '1.1.0',
        dependencies: [Object],
        devDependencies: [Object],
        directories: {},
        dist: [Object],
        engines: [Object],
        _hasShrinkwrap: false,
        publish_time: 1506311585677,
        description: 'Node.js final http responder',
        author: [Object],
        license: 'MIT',
        repository: [Object],
        files: [Array],
        scripts: [Object],
        bugs: [Object],
        readme: 'ERROR: No README data found!',
        homepage: 'https://github.com/pillarjs/finalhandler#readme',
        _id: 'finalhandler@1.1.0' },
     'download:finalhandler@1.1.0': { done: true },
     'install:finalhandler@1.1.0': 
      { package: [Object],
        dir: 'D:\\wamp_php\\java_script\\incake_project\\node_modules\\_finalhandler@1.1.0@finalhandler' },
     'npm:resolve:version:statuses@~1.3.1': 
      { name: 'statuses',
        version: '1.3.1',
        devDependencies: [Object],
        directories: {},
        dist: [Object],
        engines: [Object],
        _hasShrinkwrap: false,
        publish_time: 1478923283592,
        description: 'HTTP status utility',
        contributors: [Array],
        repository: [Object],
        license: 'MIT',
        keywords: [Array],
        files: [Array],
        scripts: [Object],
        bugs: [Object],
        readme: 'ERROR: No README data found!',
        homepage: 'https://github.com/jshttp/statuses#readme',
        _id: 'statuses@1.3.1' },
     'npm:resolve:package:unpipe': 
      { done: true,
        name: 'unpipe',
        modified: '2017-03-31T18:12:58.000Z',
        'dist-tags': [Object],
        versions: [Object],
        allVersions: [Array] },
     'download:statuses@1.3.1': { done: true },
     'install:statuses@~1.3.1': 
      { package: [Object],
        dir: 'D:\\wamp_php\\java_script\\incake_project\\node_modules\\_statuses@1.3.1@statuses' },
     'install:statuses:range:1.4.0': 
      { package: [Object],
        dir: 'D:\\wamp_php\\java_script\\incake_project\\node_modules\\_statuses@1.3.1@statuses' },
     'npm:resolve:version:utils-merge@1.0.1': 
      { name: 'utils-merge',
        version: '1.0.1',
        dependencies: {},
        devDependencies: [Object],
        directories: {},
        dist: [Object],
        engines: [Object],
        _hasShrinkwrap: false,
        publish_time: 1505866719692,
        description: 'merge() utility function',
        keywords: [Array],
        author: [Object],
        repository: [Object],
        bugs: [Object],
        license: 'MIT',
        licenses: [Array],
        main: './index',
        scripts: [Object],
        readme: 'ERROR: No README data found!',
        homepage: 'https://github.com/jaredhanson/utils-merge#readme',
        _id: 'utils-merge@1.0.1' },
     'download:utils-merge@1.0.1': { done: true },
     'install:utils-merge@1.0.1': 
      { package: [Object],
        dir: 'D:\\wamp_php\\java_script\\incake_project\\node_modules\\_utils-merge@1.0.1@utils-merge' },
     'npm:resolve:version:unpipe@~1.0.0': 
      { name: 'unpipe',
        version: '1.0.0',
        devDependencies: [Object],
        directories: {},
        dist: [Object],
        engines: [Object],
        _hasShrinkwrap: false,
        publish_time: 1434313819934,
        description: 'Unpipe a stream from all destinations',
        author: [Object],
        license: 'MIT',
        repository: [Object],
        files: [Array],
        scripts: [Object],
        bugs: [Object],
        readme: 'ERROR: No README data found!',
        homepage: 'https://github.com/stream-utils/unpipe#readme',
        _id: 'unpipe@1.0.0' },
     'download:unpipe@1.0.0': { done: true },
     'npm:resolve:version:websocket-driver@>=0.5.1': 
      { name: 'websocket-driver',
        version: '0.7.0',
        dependencies: [Object],
        devDependencies: [Object],
        directories: {},
        dist: [Object],
        engines: [Object],
        _hasShrinkwrap: false,
        publish_time: 1505163257920,
        description: 'WebSocket protocol handler with pluggable I/O',
        homepage: 'https://github.com/faye/websocket-driver-node',
        author: [Object],
        keywords: [Array],
        license: 'MIT',
        files: [Array],
        main: './lib/websocket/driver',
        scripts: [Object],
        repository: [Object],
        bugs: [Object],
        readme: 'ERROR: No README data found!',
        _id: 'websocket-driver@0.7.0' },
     'download:websocket-driver@0.7.0': { done: true },
     'install:unpipe@~1.0.0': 
      { package: [Object],
        dir: 'D:\\wamp_php\\java_script\\incake_project\\node_modules\\_unpipe@1.0.0@unpipe' },
     'install:unpipe:range:1.1.0': 
      { package: [Object],
        dir: 'D:\\wamp_php\\java_script\\incake_project\\node_modules\\_unpipe@1.0.0@unpipe' },
     'install:websocket-driver@>=0.5.1': 
      { package: [Object],
        dir: 'D:\\wamp_php\\java_script\\incake_project\\node_modules\\_websocket-driver@0.7.0@websocket-driver' },
     'npm:resolve:package:http-parser-js': 
      { done: true,
        name: 'http-parser-js',
        modified: '2018-10-22T17:45:10.000Z',
        'dist-tags': [Object],
        versions: [Object],
        allVersions: [Array] },
     'npm:resolve:package:websocket-extensions': 
      { done: true,
        name: 'websocket-extensions',
        modified: '2017-11-11T01:24:40.000Z',
        'dist-tags': [Object],
        versions: [Object],
        allVersions: [Array] },
     'npm:resolve:version:websocket-extensions@>=0.1.1': 
      { name: 'websocket-extensions',
        version: '0.1.3',
        devDependencies: [Object],
        directories: {},
        dist: [Object],
        engines: [Object],
        _hasShrinkwrap: false,
        publish_time: 1510363475510,
        description: 'Generic extension manager for WebSocket connections',
        homepage: 'http://github.com/faye/websocket-extensions-node',
        author: [Object],
        keywords: [Array],
        license: 'MIT',
        files: [Array],
        main: './lib/websocket_extensions',
        scripts: [Object],
        repository: [Object],
        bugs: [Object],
        readme: 'ERROR: No README data found!',
        _id: 'websocket-extensions@0.1.3' },
     'download:websocket-extensions@0.1.3': { done: true },
     'install:websocket-extensions@>=0.1.1': 
      { package: [Object],
        dir: 'D:\\wamp_php\\java_script\\incake_project\\node_modules\\_websocket-extensions@0.1.3@websocket-extensions' },
     'npm:resolve:version:event-stream@^3.3.4': 
      { name: 'event-stream',
        version: '3.3.6',
        dependencies: [Object],
        devDependencies: [Object],
        directories: {},
        dist: [Object],
        _hasShrinkwrap: false,
        publish_time: 1536481739503,
        description: 'construct pipes of streams of events',
        homepage: 'http://github.com/dominictarr/event-stream',
        repository: [Object],
        scripts: [Object],
        testling: [Object],
        license: 'MIT',
        author: [Object],
        bugs: [Object],
        readme: 'ERROR: No README data found!',
        _id: 'event-stream@3.3.6' },
     'download:event-stream@3.3.6': { done: true },
     'install:event-stream@^3.3.4': 
      { package: [Object],
        dir: 'D:\\wamp_php\\java_script\\incake_project\\node_modules\\_event-stream@3.3.6@event-stream' },
     'install:event-stream:range:4.0.0': 
      { package: [Object],
        dir: 'D:\\wamp_php\\java_script\\incake_project\\node_modules\\_event-stream@3.3.6@event-stream' },
     'npm:resolve:package:duplexer': 
      { done: true,
        name: 'duplexer',
        modified: '2017-03-28T21:07:09.000Z',
        'dist-tags': [Object],
        versions: [Object],
        allVersions: [Array] },
     'npm:resolve:package:flatmap-stream': 
      { done: true,
        name: 'flatmap-stream',
        modified: '2018-10-05T08:20:33.000Z',
        'dist-tags': [Object],
        versions: [Object],
        allVersions: [Array] },
     'npm:resolve:package:from': 
      { done: true,
        name: 'from',
        modified: '2017-03-29T07:51:07.000Z',
        'dist-tags': [Object],
        versions: [Object],
        allVersions: [Array] },
     'npm:resolve:package:map-stream': 
      { done: true,
        name: 'map-stream',
        modified: '2017-03-28T02:37:44.000Z',
        'dist-tags': [Object],
        versions: [Object],
        allVersions: [Array] },
     'npm:resolve:package:pause-stream': 
      { done: true,
        name: 'pause-stream',
        modified: '2017-03-30T06:10:37.000Z',
        'dist-tags': [Object],
        versions: [Object],
        allVersions: [Array] },
     'npm:resolve:package:split': 
      { done: true,
        name: 'split',
        modified: '2017-08-03T15:13:39.000Z',
        'dist-tags': [Object],
        versions: [Object],
        allVersions: [Array] },
     'npm:resolve:package:stream-combiner': 
      { done: true,
        name: 'stream-combiner',
        modified: '2017-03-27T15:46:27.000Z',
        'dist-tags': [Object],
        versions: [Object],
        allVersions: [Array] },
     'npm:resolve:package:through': 
      { done: true,
        name: 'through',
        modified: '2017-03-28T07:00:06.000Z',
        'dist-tags': [Object],
        versions: [Object],
        allVersions: [Array] },
     'npm:resolve:version:duplexer@^0.1.1': 
      { name: 'duplexer',
        version: '0.1.1',
        devDependencies: [Object],
        directories: {},
        dist: [Object],
        _hasShrinkwrap: false,
        publish_time: 1366997971080,
        description: 'Creates a duplex stream',
        keywords: [],
        author: [Object],
        repository: [Object],
        main: 'index',
        homepage: 'https://github.com/Raynos/duplexer',
        contributors: [Array],
        bugs: [Object],
        licenses: [Array],
        scripts: [Object],
        testling: [Object],
        readme: 'ERROR: No README data found!',
        _id: 'duplexer@0.1.1' },
     'download:duplexer@0.1.1': { done: true },
     'npm:resolve:version:http-parser-js@>=0.4.0': 
      { name: 'http-parser-js',
        version: '0.5.0',
        directories: {},
        dist: [Object],
        _hasShrinkwrap: false,
        publish_time: 1540230080614,
        description: 'A pure JS HTTP parser for node.',
        main: 'http-parser.js',
        scripts: [Object],
        repository: [Object],
        files: [Array],
        keywords: [Array],
        author: [Object],
        contributors: [Array],
        license: 'MIT',
        bugs: [Object],
        readme: 'ERROR: No README data found!',
        homepage: 'https://github.com/creationix/http-parser-js#readme',
        _id: 'http-parser-js@0.5.0' },
     'download:http-parser-js@0.5.0': { done: true },
     'npm:resolve:version:from@^0.1.7': 
      { name: 'from',
        version: '0.1.7',
        devDependencies: [Object],
        directories: {},
        dist: [Object],
        _hasShrinkwrap: false,
        publish_time: 1489269523305,
        description: 'Easy way to make a Readable Stream',
        main: 'index.js',
        scripts: [Object],
        repository: [Object],
        keywords: [Array],
        author: [Object],
        license: 'MIT',
        bugs: [Object],
        readme: 'ERROR: No README data found!',
        homepage: 'https://github.com/dominictarr/from#readme',
        _id: 'from@0.1.7' },
     'download:from@0.1.7': { done: true },
     'npm:resolve:version:stream-combiner@^0.2.2': 
      { name: 'stream-combiner',
        version: '0.2.2',
        dependencies: [Object],
        devDependencies: [Object],
        directories: {},
        dist: [Object],
        _hasShrinkwrap: false,
        publish_time: 1433494144050,
        homepage: 'https://github.com/dominictarr/stream-combiner',
        repository: [Object],
        scripts: [Object],
        author: [Object],
        license: 'MIT',
        bugs: [Object],
        readme: 'ERROR: No README data found!',
        _id: 'stream-combiner@0.2.2' },
     'download:stream-combiner@0.2.2': { done: true },
     'install:http-parser-js@>=0.4.0': 
      { package: [Object],
        dir: 'D:\\wamp_php\\java_script\\incake_project\\node_modules\\_http-parser-js@0.5.0@http-parser-js' },
     'install:duplexer@^0.1.1': 
      { package: [Object],
        dir: 'D:\\wamp_php\\java_script\\incake_project\\node_modules\\_duplexer@0.1.1@duplexer' },
     'install:duplexer:range:0.2.0': 
      { package: [Object],
        dir: 'D:\\wamp_php\\java_script\\incake_project\\node_modules\\_duplexer@0.1.1@duplexer' },
     'npm:resolve:version:map-stream@0.0.7': 
      { name: 'map-stream',
        version: '0.0.7',
        dependencies: {},
        devDependencies: [Object],
        directories: {},
        dist: [Object],
        _hasShrinkwrap: false,
        publish_time: 1489957263799,
        license: 'MIT',
        description: 'construct pipes of streams of events',
        homepage: 'http://github.com/dominictarr/map-stream',
        repository: [Object],
        scripts: [Object],
        author: [Object],
        bugs: [Object],
        readme: 'ERROR: No README data found!',
        _id: 'map-stream@0.0.7' },
     'download:map-stream@0.0.7': { done: true },
     'install:from@^0.1.7': 
      { package: [Object],
        dir: 'D:\\wamp_php\\java_script\\incake_project\\node_modules\\_from@0.1.7@from' },
     'install:from:range:0.2.0': 
      { package: [Object],
        dir: 'D:\\wamp_php\\java_script\\incake_project\\node_modules\\_from@0.1.7@from' },
     'npm:resolve:version:split@^1.0.1': 
      { name: 'split',
        version: '1.0.1',
        dependencies: [Object],
        optionalDependencies: {},
        devDependencies: [Object],
        directories: {},
        dist: [Object],
        engines: [Object],
        _hasShrinkwrap: false,
        publish_time: 1501747438517,
        license: 'MIT',
        description: 'split a Text Stream into a Line Stream',
        homepage: 'http://github.com/dominictarr/split',
        repository: [Object],
        scripts: [Object],
        author: [Object],
        bugs: [Object],
        readme: 'ERROR: No README data found!',
        _id: 'split@1.0.1' },
     'download:split@1.0.1': { done: true },
     'install:stream-combiner@^0.2.2': 
      { package: [Object],
        dir: 'D:\\wamp_php\\java_script\\incake_project\\node_modules\\_stream-combiner@0.2.2@stream-combiner' },
     'install:stream-combiner:range:0.3.0': 
      { package: [Object],
        dir: 'D:\\wamp_php\\java_script\\incake_project\\node_modules\\_stream-combiner@0.2.2@stream-combiner' },
     'npm:resolve:version:through@^2.3.8': 
      { name: 'through',
        version: '2.3.8',
        devDependencies: [Object],
        directories: {},
        dist: [Object],
        _hasShrinkwrap: false,
        publish_time: 1435930719650,
        description: 'simplified stream construction',
        main: 'index.js',
        scripts: [Object],
        keywords: [Array],
        author: [Object],
        license: 'MIT',
        repository: [Object],
        homepage: 'https://github.com/dominictarr/through',
        testling: [Object],
        bugs: [Object],
        readme: 'ERROR: No README data found!',
        _id: 'through@2.3.8' },
     'npm:resolve:version:through@~2.3.4': 
      { name: 'through',
        version: '2.3.8',
        devDependencies: [Object],
        directories: {},
        dist: [Object],
        _hasShrinkwrap: false,
        publish_time: 1435930719650,
        description: 'simplified stream construction',
        main: 'index.js',
        scripts: [Object],
        keywords: [Array],
        author: [Object],
        license: 'MIT',
        repository: [Object],
        homepage: 'https://github.com/dominictarr/through',
        testling: [Object],
        bugs: [Object],
        readme: 'ERROR: No README data found!',
        _id: 'through@2.3.8' },
     'download:through@2.3.8': { done: true },
     'npm:resolve:version:pause-stream@^0.0.11': 
      { name: 'pause-stream',
        version: '0.0.11',
        dependencies: [Object],
        devDependencies: [Object],
        directories: [Object],
        dist: [Object],
        _hasShrinkwrap: false,
        publish_time: 1379715111558,
        description: 'a ThroughStream that strictly buffers all readable events when paused.',
        main: 'index.js',
        scripts: [Object],
        repository: [Object],
        keywords: [Array],
        author: [Object],
        license: [Array],
        bugs: [Object],
        readme: 'ERROR: No README data found!',
        homepage: 'https://github.com/dominictarr/pause-stream#readme',
        _id: 'pause-stream@0.0.11' },
     'download:pause-stream@0.0.11': { done: true },
     'install:map-stream@0.0.7': 
      { package: [Object],
        dir: 'D:\\wamp_php\\java_script\\incake_project\\node_modules\\_map-stream@0.0.7@map-stream' },
     'install:split@^1.0.1': 
      { package: [Object],
        dir: 'D:\\wamp_php\\java_script\\incake_project\\node_modules\\_split@1.0.1@split' },
     'install:split:range:2.0.0': 
      { package: [Object],
        dir: 'D:\\wamp_php\\java_script\\incake_project\\node_modules\\_split@1.0.1@split' },
     'npm:resolve:version:through@2': 
      { name: 'through',
        version: '2.3.8',
        devDependencies: [Object],
        directories: {},
        dist: [Object],
        _hasShrinkwrap: false,
        publish_time: 1435930719650,
        description: 'simplified stream construction',
        main: 'index.js',
        scripts: [Object],
        keywords: [Array],
        author: [Object],
        license: 'MIT',
        repository: [Object],
        homepage: 'https://github.com/dominictarr/through',
        testling: [Object],
        bugs: [Object],
        readme: 'ERROR: No README data found!',
        _id: 'through@2.3.8' },
     'install:pause-stream@^0.0.11': 
      { package: [Object],
        dir: 'D:\\wamp_php\\java_script\\incake_project\\node_modules\\_pause-stream@0.0.11@pause-stream' },
     'install:pause-stream:range:0.0.12': 
      { package: [Object],
        dir: 'D:\\wamp_php\\java_script\\incake_project\\node_modules\\_pause-stream@0.0.11@pause-stream' },
     'npm:resolve:version:through@~2.3': 
      { name: 'through',
        version: '2.3.8',
        devDependencies: [Object],
        directories: {},
        dist: [Object],
        _hasShrinkwrap: false,
        publish_time: 1435930719650,
        description: 'simplified stream construction',
        main: 'index.js',
        scripts: [Object],
        keywords: [Array],
        author: [Object],
        license: 'MIT',
        repository: [Object],
        homepage: 'https://github.com/dominictarr/through',
        testling: [Object],
        bugs: [Object],
        readme: 'ERROR: No README data found!',
        _id: 'through@2.3.8' },
     'install:through@^2.3.8': 
      { package: [Object],
        dir: 'D:\\wamp_php\\java_script\\incake_project\\node_modules\\_through@2.3.8@through' },
     'install:through:range:3.0.0': 
      { package: [Object],
        dir: 'D:\\wamp_php\\java_script\\incake_project\\node_modules\\_through@2.3.8@through' },
     'install:through@~2.3.4': 
      { package: [Object],
        dir: 'D:\\wamp_php\\java_script\\incake_project\\node_modules\\_through@2.3.8@through' },
     'install:through:range:2.4.0': 
      { package: [Object],
        dir: 'D:\\wamp_php\\java_script\\incake_project\\node_modules\\_through@2.3.8@through' },
     'install:through@2': 
      { package: [Object],
        dir: 'D:\\wamp_php\\java_script\\incake_project\\node_modules\\_through@2.3.8@through' },
     'install:through@~2.3': 
      { package: [Object],
        dir: 'D:\\wamp_php\\java_script\\incake_project\\node_modules\\_through@2.3.8@through' },
     'npm:resolve:version:flatmap-stream@^0.1.0': 
      { name: 'flatmap-stream',
        version: '0.1.1',
        devDependencies: [Object],
        directories: {},
        dist: [Object],
        _hasShrinkwrap: false,
        publish_time: 1538727623091,
        description: '',
        main: 'index.min.js',
        scripts: [Object],
        repository: [Object],
        author: [Object],
        license: 'MIT',
        bugs: [Object],
        homepage: 'https://github.com/hugeglass/flatmap-stream#readme',
        readme: 'ERROR: No README data found!',
        _id: 'flatmap-stream@0.1.1' },
     'download:flatmap-stream@0.1.1': { done: true },
     'install:flatmap-stream@^0.1.0': 
      { package: [Object],
        dir: 'D:\\wamp_php\\java_script\\incake_project\\node_modules\\_flatmap-stream@0.1.1@flatmap-stream' },
     'install:flatmap-stream:range:0.2.0': 
      { package: [Object],
        dir: 'D:\\wamp_php\\java_script\\incake_project\\node_modules\\_flatmap-stream@0.1.1@flatmap-stream' },
     'npm:resolve:version:string_decoder@0.10': 
      { name: 'string_decoder',
        version: '0.10.31',
        dependencies: {},
        devDependencies: [Object],
        directories: {},
        dist: [Object],
        _hasShrinkwrap: false,
        publish_time: 1408767919329 },
     'download:string_decoder@0.10.31': { done: true },
     'install:string_decoder@0.10': 
      { package: [Object],
        dir: 'D:\\wamp_php\\java_script\\incake_project\\node_modules\\_string_decoder@0.10.31@string_decoder' },
     'install:string_decoder:range:0.11.0': 
      { package: [Object],
        dir: 'D:\\wamp_php\\java_script\\incake_project\\node_modules\\_string_decoder@0.10.31@string_decoder' },
     'npm:resolve:version:batch@0.6.1': 
      { name: 'batch',
        version: '0.6.1',
        devDependencies: [Object],
        directories: {},
        dist: [Object],
        _hasShrinkwrap: false,
        publish_time: 1494969109205,
        description: 'Simple async batch with concurrency control and progress reporting.',
        author: [Object],
        license: 'MIT',
        main: 'index',
        browser: [Object],
        repository: [Object],
        bugs: [Object],
        readme: 'ERROR: No README data found!',
        homepage: 'https://github.com/visionmedia/batch#readme',
        _id: 'batch@0.6.1' },
     'download:batch@0.6.1': { done: true },
     'install:batch@0.6.1': 
      { package: [Object],
        dir: 'D:\\wamp_php\\java_script\\incake_project\\node_modules\\_batch@0.6.1@batch' },
     'install:livereload-js@^2.3.0': 
      { package: [Object],
        dir: 'D:\\wamp_php\\java_script\\incake_project\\node_modules\\_livereload-js@2.4.0@livereload-js' },
     'install:livereload-js:range:3.0.0': 
      { package: [Object],
        dir: 'D:\\wamp_php\\java_script\\incake_project\\node_modules\\_livereload-js@2.4.0@livereload-js' } },
  targetDir: 'D:\\wamp_php\\java_script\\incake_project',
  storeDir: 'D:\\wamp_php\\java_script\\incake_project\\node_modules',
  timeout: 60000,
  streamingTimeout: 120000,
  console: 
   { info: 
      { [Function: debug]
        namespace: 'npminstall:format_install_options',
        enabled: false,
        useColors: true,
        color: 3,
        inspectOpts: {} },
     log: 
      { [Function: debug]
        namespace: 'npminstall:format_install_options',
        enabled: false,
        useColors: true,
        color: 3,
        inspectOpts: {} },
     error: [Function: bound consoleCall],
     warn: [Function: bound consoleCall] },
  start: 1541407511136,
  totalTarballSize: 21950,
  totalJSONSize: 579727,
  totalJSONCount: 59,
  localPackages: 0,
  remotePackages: 0,
  registryPackages: 54,
  gitPackages: 0,
  pendingMessages: [],
  recentlyUpdateMinDateTime: 1540802711136,
  recentlyUpdates: 
   Map {
     'gulp-connect@5.6.1\u001b[90m  \u001b[39mtiny-lr@1.1.1\u001b[90m  \u001b[39mlivereload-js@^2.3.0(\u001b[32m2.4.0\u001b[39m)' => 2018-11-02T17:54:28.719Z },
  onlyShowTodayUpdateToConsole: true,
  remoteNames: {},
  referer: 'install gulp-connect --uuid=1b0f0600-e0d7-11e8-ac35-634293c4e6e0',
  installRoot: false,
  progresses: 
   { installTasks: 1,
     finishedInstallTasks: 1,
     linkTasks: 58,
     finishedLinkTasks: 58 },
  rawCount: 0,
  rawSize: 0,
  pruneCount: 0,
  pruneSize: 0,
  rootPkgDependencies: 
   { allMap: [Getter],
     all: [Getter],
     prodMap: [Getter],
     prod: [Getter] },
  downloadFinished: 1541407588179 }